-- The C compiler identification is GNU 9.4.0
-- The CXX compiler identification is GNU 9.4.0
-- Check for working C compiler: /usr/bin/cc
-- Check for working C compiler: /usr/bin/cc -- works
-- Detecting C compiler ABI info
-- Detecting C compiler ABI info - done
-- Detecting C compile features
-- Detecting C compile features - done
-- Check for working CXX compiler: /usr/bin/c++
-- Check for working CXX compiler: /usr/bin/c++ -- works
-- Detecting CXX compiler ABI info
-- Detecting CXX compiler ABI info - done
-- Detecting CXX compile features
-- Detecting CXX compile features - done
-- Found ament_cmake_auto: 0.9.9 (/opt/ros/foxy/share/ament_cmake_auto/cmake)
-- Found PythonInterp: /usr/bin/python3 (found suitable version "3.8.10", minimum required is "3") 
-- Using PYTHON_EXECUTABLE: /usr/bin/python3
-- Using all available rosidl_typesupport_c: rosidl_typesupport_fastrtps_c;rosidl_typesupport_introspection_c
-- Found rosidl_adapter: 1.2.1 (/opt/ros/foxy/share/rosidl_adapter/cmake)
-- Found OpenSSL: /usr/lib/x86_64-linux-gnu/libcrypto.so (found version "1.1.1f")  
-- Found FastRTPS: /opt/ros/foxy/include  
-- Using all available rosidl_typesupport_cpp: rosidl_typesupport_fastrtps_cpp;rosidl_typesupport_introspection_cpp
-- Found rmw_implementation_cmake: 1.0.3 (/opt/ros/foxy/share/rmw_implementation_cmake/cmake)
-- Using RMW implementation 'rmw_fastrtps_cpp' as default
-- Looking for pthread.h
-- Looking for pthread.h - found
-- Performing Test CMAKE_HAVE_LIBC_PTHREAD
-- Performing Test CMAKE_HAVE_LIBC_PTHREAD - Failed
-- Looking for pthread_create in pthreads
-- Looking for pthread_create in pthreads - not found
-- Looking for pthread_create in pthread
-- Looking for pthread_create in pthread - found
-- Found Threads: TRUE  
-- Found eigen3_cmake_module: 0.1.1 (/opt/ros/foxy/share/eigen3_cmake_module/cmake)
-- Found Eigen3: TRUE (found version "3.3.7") 
-- Configuring done
-- Generating done
-- Build files have been written to: /home/roar/Desktop/projects/lilian/roar-gokart-ws/src/core/core/build/controller_manager
[35m[1mScanning dependencies of target controller_manager_node[0m
[35m[1mScanning dependencies of target controller_manager[0m
[  9%] [32mBuilding CXX object CMakeFiles/controller_manager_node.dir/src/controller_manager_node.cpp.o[0m
[ 18%] [32mBuilding CXX object CMakeFiles/controller_manager_node.dir/src/controller_manager_ros.cpp.o[0m
[ 27%] [32mBuilding CXX object CMakeFiles/controller_manager_node.dir/src/pid_controller.cpp.o[0m
[ 36%] [32mBuilding CXX object CMakeFiles/controller_manager.dir/src/plugins/lat_pid_control.cpp.o[0m
[ 45%] [32mBuilding CXX object CMakeFiles/controller_manager.dir/src/plugins/dummy_lon_controller.cpp.o[0m
[ 54%] [32mBuilding CXX object CMakeFiles/controller_manager.dir/src/plugins/lon_pid_control.cpp.o[0m
[ 63%] [32mBuilding CXX object CMakeFiles/controller_manager.dir/src/controller_manager_node.cpp.o[0m
[ 72%] [32mBuilding CXX object CMakeFiles/controller_manager.dir/src/controller_manager_ros.cpp.o[0m
[ 81%] [32mBuilding CXX object CMakeFiles/controller_manager.dir/src/pid_controller.cpp.o[0m
[01m[K/home/roar/Desktop/projects/lilian/roar-gokart-ws/src/core/core/src/control/controller_manager/src/pid_controller.cpp:[m[K In member function â€˜[01m[Kdouble roar::control::PidController::update(double, double)[m[Kâ€™:
[01m[K/home/roar/Desktop/projects/lilian/roar-gokart-ws/src/core/core/src/control/controller_manager/src/pid_controller.cpp:112:36:[m[K [01;31m[Kerror: [m[Kâ€˜[01m[Kclamp[m[Kâ€™ is not a member of â€˜[01m[Kstd[m[Kâ€™
  112 |             integral_error_ = std::[01;31m[Kclamp[m[K(integral_error_, coefficients_.min_i, coefficients_.max_i);
      |                                    [01;31m[K^~~~~[m[K
[01m[K/home/roar/Desktop/projects/lilian/roar-gokart-ws/src/core/core/src/control/controller_manager/src/pid_controller.cpp:[m[K In member function â€˜[01m[Kdouble roar::control::PidController::update(double, double)[m[Kâ€™:
[01m[K/home/roar/Desktop/projects/lilian/roar-gokart-ws/src/core/core/src/control/controller_manager/src/pid_controller.cpp:112:36:[m[K [01;31m[Kerror: [m[Kâ€˜[01m[Kclamp[m[Kâ€™ is not a member of â€˜[01m[Kstd[m[Kâ€™
  112 |             integral_error_ = std::[01;31m[Kclamp[m[K(integral_error_, coefficients_.min_i, coefficients_.max_i);
      |                                    [01;31m[K^~~~~[m[K
make[2]: *** [CMakeFiles/controller_manager_node.dir/build.make:89: CMakeFiles/controller_manager_node.dir/src/pid_controller.cpp.o] Error 1
make[2]: *** Waiting for unfinished jobs....
make[2]: *** [CMakeFiles/controller_manager.dir/build.make:128: CMakeFiles/controller_manager.dir/src/pid_controller.cpp.o] Error 1
make[2]: *** Waiting for unfinished jobs....
make[1]: *** [CMakeFiles/Makefile2:107: CMakeFiles/controller_manager_node.dir/all] Error 2
make[1]: *** Waiting for unfinished jobs....
make[1]: *** [CMakeFiles/Makefile2:80: CMakeFiles/controller_manager.dir/all] Error 2
make: *** [Makefile:141: all] Error 2
